[2025-04-29 11:58:20] 
Processing 27 red breaches
[2025-04-29 11:58:20] 
Breach 1: Device=JKFL001, Sensor=1, Type=red
[2025-04-29 11:58:20] 
Breach 2: Device=JKFL001, Sensor=2, Type=red
[2025-04-29 11:58:20] 
Breach 3: Device=JKFL001, Sensor=6, Type=red
[2025-04-29 11:58:20] 
Breach 4: Device=JKFL001, Sensor=1, Type=red
[2025-04-29 11:58:20] 
Breach 5: Device=JKFL001, Sensor=6, Type=red
[2025-04-29 11:58:20] 
Breach 6: Device=JKFL001, Sensor=1, Type=red
[2025-04-29 11:58:20] 
Breach 7: Device=JKFL001, Sensor=6, Type=red
[2025-04-29 11:58:20] 
Breach 8: Device=JKFL001, Sensor=1, Type=red
[2025-04-29 11:58:20] 
Breach 9: Device=JKFL001, Sensor=2, Type=red
[2025-04-29 11:58:20] 
Breach 10: Device=JKFL001, Sensor=6, Type=red
[2025-04-29 11:58:20] 
Breach 11: Device=JKFL001, Sensor=1, Type=red
[2025-04-29 11:58:20] 
Breach 12: Device=JKFL001, Sensor=2, Type=red
[2025-04-29 11:58:20] 
Breach 13: Device=JKFL001, Sensor=5, Type=red
[2025-04-29 11:58:20] 
Breach 14: Device=JKFL001, Sensor=1, Type=red
[2025-04-29 11:58:20] 
Breach 15: Device=JKFL001, Sensor=2, Type=red
[2025-04-29 11:58:20] 
Breach 16: Device=JKFL001, Sensor=5, Type=red
[2025-04-29 11:58:20] 
Breach 17: Device=JKFL001, Sensor=1, Type=red
[2025-04-29 11:58:20] 
Breach 18: Device=JKFL001, Sensor=2, Type=red
[2025-04-29 11:58:20] 
Breach 19: Device=JKFL001, Sensor=6, Type=red
[2025-04-29 11:58:20] 
Breach 20: Device=JKFL001, Sensor=1, Type=red
[2025-04-29 11:58:20] 
Breach 21: Device=JKFL001, Sensor=4, Type=red
[2025-04-29 11:58:20] 
Breach 22: Device=JKFL001, Sensor=6, Type=red
[2025-04-29 11:58:20] 
Breach 23: Device=JKFL001, Sensor=1, Type=red
[2025-04-29 11:58:20] 
Breach 24: Device=JKFL001, Sensor=2, Type=red
[2025-04-29 11:58:20] 
Breach 25: Device=JKFL001, Sensor=5, Type=red
[2025-04-29 11:58:20] 
Breach 26: Device=JKFL001, Sensor=6, Type=red
[2025-04-29 11:58:20] 
Breach 27: Device=JKFL001, Sensor=1, Type=red
[2025-04-29 11:58:20] 
Inside process_breaches
[2025-04-29 11:58:20] 
Sending email to ['maint@jkfenner.com'] with 5 breaches
[2025-04-29 11:58:20] 

 Inside send_email

